
> lisk-paywall-sdk@1.0.0 dev
> tsx watch src/index.ts

node:events:502
      throw er; // Unhandled 'error' event
      ^

Error: listen EADDRINUSE: address already in use :::3003
    at Server.setupListenHandle [as _listen2] (node:net:1908:16)
    at listenInCluster (node:net:1965:12)
    at Server.listen (node:net:2067:7)
    at Function.listen (/mnt/c/pr0/meta/backend/node_modules/express/lib/application.js:635:24)
    at <anonymous> (/mnt/c/pr0/meta/backend/src/index.ts:8:5)
    at ModuleJob.run (node:internal/modules/esm/module_job:325:25)
    at async ModuleLoader.import (node:internal/modules/esm/loader:606:24)
    at async asyncRunEntryPointWithESMLoader (node:internal/modules/run_main:117:5)
Emitted 'error' event on Server instance at:
    at emitErrorNT (node:net:1944:8)
    at process.processTicksAndRejections (node:internal/process/task_queues:82:21) {
  code: 'EADDRINUSE',
  errno: -98,
  syscall: 'listen',
  address: '::',
  port: 3003
}

Node.js v20.19.6
1:54:52 PM [tsx] change in ./src/controllers/authController.ts Rerunning...
cnode:events:502
      throw er; // Unhandled 'error' event
      ^

Error: listen EADDRINUSE: address already in use :::3003
    at Server.setupListenHandle [as _listen2] (node:net:1908:16)
    at listenInCluster (node:net:1965:12)
    at Server.listen (node:net:2067:7)
    at Function.listen (/mnt/c/pr0/meta/backend/node_modules/express/lib/application.js:635:24)
    at <anonymous> (/mnt/c/pr0/meta/backend/src/index.ts:8:5)
    at ModuleJob.run (node:internal/modules/esm/module_job:325:25)
    at async ModuleLoader.import (node:internal/modules/esm/loader:606:24)
    at async asyncRunEntryPointWithESMLoader (node:internal/modules/run_main:117:5)
Emitted 'error' event on Server instance at:
    at emitErrorNT (node:net:1944:8)
    at process.processTicksAndRejections (node:internal/process/task_queues:82:21) {
  code: 'EADDRINUSE',
  errno: -98,
  syscall: 'listen',
  address: '::',
  port: 3003
}

Node.js v20.19.6
